{
  "RSpec": {
    "coverage": {
      "/Users/amantank/Desktop/ruby projects/Course/Week4/bookmark_manager/spec/bookmark_spec.rb": {
        "lines": [
          1,
          null,
          1,
          1,
          1,
          1,
          null,
          1,
          1,
          1,
          null,
          null,
          null
        ]
      },
      "/Users/amantank/Desktop/ruby projects/Course/Week4/bookmark_manager/spec/features/simple_feature_test_spec.rb": {
        "lines": [
          1,
          1,
          1,
          1,
          null,
          null
        ]
      },
      "/Users/amantank/Desktop/ruby projects/Course/Week4/bookmark_manager/spec/features/viewing_bookmark_spec.rb": {
        "lines": [
          1,
          1,
          1,
          1,
          1,
          1,
          null,
          null
        ]
      }
    },
    "timestamp": 1607968467
  }
}
